============================= test session starts ==============================
platform darwin -- Python 3.11.12, pytest-9.0.3, pluggy-1.6.0 -- /opt/homebrew/opt/python@3.11/bin/python3.11
cachedir: .pytest_cache
rootdir: /Users/trungtom/VinUni/Day24-Track02-Lab-Assignment/medviet-governance
plugins: locust-2.44.0, anyio-4.0.0, langsmith-0.8.3, Faker-37.12.0, hydra-core-1.3.2
collecting ... collected 9 items

tests/test_pii.py::TestPIIDetection::test_cccd_detected PASSED           [ 11%]
tests/test_pii.py::TestPIIDetection::test_phone_detected PASSED          [ 22%]
tests/test_pii.py::TestPIIDetection::test_email_detected PASSED          [ 33%]
tests/test_pii.py::TestPIIDetection::test_detection_rate_above_95_percent PASSED [ 44%]
tests/test_pii.py::TestAnonymization::test_pii_not_in_output PASSED      [ 55%]
tests/test_pii.py::TestAnonymization::test_non_pii_columns_unchanged PASSED [ 66%]
tests/test_pii.py::TestAnonymization::test_patient_id_unchanged PASSED   [ 77%]
tests/test_pii.py::TestAnonymization::test_anonymized_cccd_format PASSED [ 88%]
tests/test_pii.py::TestAnonymization::test_anonymized_phone_format PASSED [100%]

=============================== warnings summary ===============================
../../../../../opt/homebrew/lib/python3.11/site-packages/typer/completion.py:122
  /opt/homebrew/lib/python3.11/site-packages/typer/completion.py:122: DeprecationWarning: 'BaseCommand' is deprecated and will be removed in Click 9.0. Use 'Command' instead.
    cli: click.BaseCommand,

../../../../../opt/homebrew/lib/python3.11/site-packages/spacy/cli/_util.py:23
  /opt/homebrew/lib/python3.11/site-packages/spacy/cli/_util.py:23: DeprecationWarning: Importing 'parser.split_arg_string' is deprecated, it will only be available in 'shell_completion' in Click 9.0.
    from click.parser import split_arg_string

-- Docs: https://docs.pytest.org/en/stable/how-to/capture-warnings.html
======================== 9 passed, 2 warnings in 8.12s =========================
